Using pre-set license
Built from '2020.3/staging' branch; Version is '2020.3.5f1 (8095aa901b9b) revision 8426922'; Using compiler version '192528614'; Build Type 'Release'
OS: 'Windows 10 Pro; OS build 19042.631; Version 2009; 64bit' Language: 'ru' Physical Memory: 1964 MB
BatchMode: 1, IsHumanControllingUs: 0, StartBugReporterOnCrash: 0, Is64bit: 1, IsPro: 0

 COMMAND LINE ARGUMENTS:
C:\Program Files\Unity\Hub\Editor\2020.3.5f1\Editor\Unity.exe
-adb2
-batchMode
-noUpm
-name
AssetImportWorker0
-projectPath
C:/Users/dimas/Desktop/Проект диплома/Diplom Vocal Kids Game
-logFile
Logs/AssetImportWorker0.log
-srvPort
52255
Successfully changed project path to: C:/Users/dimas/Desktop/Проект диплома/Diplom Vocal Kids Game
C:/Users/dimas/Desktop/Проект диплома/Diplom Vocal Kids Game
Using Asset Import Pipeline V2.
Refreshing native plugins compatible for Editor in 328.90 ms, found 1 plugins.
Preloading 0 native plugins for Editor in 0.00 ms.
Initialize engine version: 2020.3.5f1 (8095aa901b9b)
[Subsystems] Discovering subsystems at path C:/Program Files/Unity/Hub/Editor/2020.3.5f1/Editor/Data/Resources/UnitySubsystems
[Subsystems] Discovering subsystems at path C:/Users/dimas/Desktop/Проект диплома/Diplom Vocal Kids Game/Assets
GfxDevice: creating device client; threaded=0
Direct3D:
    Version:  Direct3D 11.0 [level 11.0]
    Renderer: AMD Radeon HD 6300M Series (ID=0x68e4)
    Vendor:   
    VRAM:     1016 MB
    Driver:   15.201.1151.1008
Initialize mono
Mono path[0] = 'C:/Program Files/Unity/Hub/Editor/2020.3.5f1/Editor/Data/Managed'
Mono path[1] = 'C:/Program Files/Unity/Hub/Editor/2020.3.5f1/Editor/Data/MonoBleedingEdge/lib/mono/unityjit'
Mono config path = 'C:/Program Files/Unity/Hub/Editor/2020.3.5f1/Editor/Data/MonoBleedingEdge/etc'
Using monoOptions --debugger-agent=transport=dt_socket,embedding=1,server=y,suspend=n,address=127.0.0.1:56408
Begin MonoManager ReloadAssembly
Registering precompiled unity dll's ...
Register platform support module: C:/Program Files/Unity/Hub/Editor/2020.3.5f1/Editor/Data/PlaybackEngines/WebGLSupport/UnityEditor.WebGL.Extensions.dll
Register platform support module: C:/Program Files/Unity/Hub/Editor/2020.3.5f1/Editor/Data/PlaybackEngines/WindowsStandaloneSupport/UnityEditor.WindowsStandalone.Extensions.dll
Registered in 0.008149 seconds.
Native extension for WindowsStandalone target not found
Native extension for WebGL target not found
Refreshing native plugins compatible for Editor in 459.91 ms, found 1 plugins.
Preloading 0 native plugins for Editor in 0.00 ms.
Mono: successfully reloaded assembly
- Completed reload, in  7.264 seconds
Platform modules already initialized, skipping
Registering precompiled user dll's ...
Registered in 0.003619 seconds.
Begin MonoManager ReloadAssembly
Native extension for WindowsStandalone target not found
Native extension for WebGL target not found
Refreshing native plugins compatible for Editor in 99.60 ms, found 1 plugins.
Preloading 0 native plugins for Editor in 0.00 ms.
Mono: successfully reloaded assembly
- Completed reload, in  5.845 seconds
Platform modules already initialized, skipping
========================================================================
Worker process is ready to serve import requests
Launched and connected shader compiler UnityShaderCompiler.exe after 0.27 seconds
Refreshing native plugins compatible for Editor in 28.26 ms, found 1 plugins.
Preloading 0 native plugins for Editor in 0.00 ms.
Unloading 1848 Unused Serialized files (Serialized files now loaded: 0)
System memory in use before: 178.8 MB.
System memory in use after: 178.8 MB.

Unloading 19 unused Assets to reduce memory usage. Loaded Objects now: 2324.
Total: 46.078900 ms (FindLiveObjects: 8.591200 ms CreateObjectMapping: 0.371600 ms MarkObjects: 32.883200 ms  DeleteObjects: 3.651200 ms)

========================================================================
Received Import Request.
  path: Assets/Runnerr/Runner/Scripts/WinMenuRunner.cs
  artifactKey: Guid(041e40c5699d2324da3347485cccc520) Importer(815301076,1909f56bfc062723c751e8b465ee728b)
Start importing Assets/Runnerr/Runner/Scripts/WinMenuRunner.cs using Guid(041e40c5699d2324da3347485cccc520) Importer(815301076,1909f56bfc062723c751e8b465ee728b)  -> (artifact id: 'fc031c8517f3b3fc5104e1e21d750fc6') in 0.212843 seconds
  Import took 0.236909 seconds .

========================================================================
Received Import Request.
  Time since last request: 111.652438 seconds.
  path: Assets/New Folder
  artifactKey: Guid(eed1a5d70c8fafa439b4a36d4b0c604e) Importer(815301076,1909f56bfc062723c751e8b465ee728b)
Start importing Assets/New Folder using Guid(eed1a5d70c8fafa439b4a36d4b0c604e) Importer(815301076,1909f56bfc062723c751e8b465ee728b)  -> (artifact id: '3d00427e9947c55cde701dea470252bd') in 0.011855 seconds
  Import took 0.045743 seconds .

========================================================================
Received Import Request.
  Time since last request: 8.745204 seconds.
  path: Assets/OldScripts
  artifactKey: Guid(eed1a5d70c8fafa439b4a36d4b0c604e) Importer(815301076,1909f56bfc062723c751e8b465ee728b)
Start importing Assets/OldScripts using Guid(eed1a5d70c8fafa439b4a36d4b0c604e) Importer(815301076,1909f56bfc062723c751e8b465ee728b)  -> (artifact id: 'd39cac47ba0ae87b7b50c06873fdc981') in 0.009517 seconds
  Import took 0.024997 seconds .

========================================================================
Received Prepare
Registering precompiled user dll's ...
Registered in 0.003992 seconds.
Begin MonoManager ReloadAssembly
Native extension for WindowsStandalone target not found
Native extension for WebGL target not found
Refreshing native plugins compatible for Editor in 1.07 ms, found 1 plugins.
Preloading 0 native plugins for Editor in 0.00 ms.
Mono: successfully reloaded assembly
- Completed reload, in  2.628 seconds
Platform modules already initialized, skipping
Refreshing native plugins compatible for Editor in 0.99 ms, found 1 plugins.
Preloading 0 native plugins for Editor in 0.00 ms.
Unloading 1826 Unused Serialized files (Serialized files now loaded: 0)
System memory in use before: 177.1 MB.
System memory in use after: 177.2 MB.

Unloading 8 unused Assets to reduce memory usage. Loaded Objects now: 2328.
Total: 23.911500 ms (FindLiveObjects: 1.521900 ms CreateObjectMapping: 0.284000 ms MarkObjects: 21.107500 ms  DeleteObjects: 0.985100 ms)

========================================================================
Received Prepare
Registering precompiled user dll's ...
Registered in 0.004148 seconds.
Begin MonoManager ReloadAssembly
Native extension for WindowsStandalone target not found
Native extension for WebGL target not found
Refreshing native plugins compatible for Editor in 1.89 ms, found 1 plugins.
Preloading 0 native plugins for Editor in 0.00 ms.
Mono: successfully reloaded assembly
- Completed reload, in  4.230 seconds
Platform modules already initialized, skipping
Refreshing native plugins compatible for Editor in 1.90 ms, found 1 plugins.
Preloading 0 native plugins for Editor in 0.00 ms.
Unloading 1826 Unused Serialized files (Serialized files now loaded: 0)
System memory in use before: 177.1 MB.
System memory in use after: 177.2 MB.

Unloading 8 unused Assets to reduce memory usage. Loaded Objects now: 2332.
Total: 81.164900 ms (FindLiveObjects: 25.625200 ms CreateObjectMapping: 0.369900 ms MarkObjects: 52.836700 ms  DeleteObjects: 2.316000 ms)

========================================================================
Received Prepare
Registering precompiled user dll's ...
Registered in 0.003626 seconds.
Begin MonoManager ReloadAssembly
Native extension for WindowsStandalone target not found
Native extension for WebGL target not found
Refreshing native plugins compatible for Editor in 0.95 ms, found 1 plugins.
Preloading 0 native plugins for Editor in 0.00 ms.
Mono: successfully reloaded assembly
- Completed reload, in  2.399 seconds
Platform modules already initialized, skipping
Refreshing native plugins compatible for Editor in 1.40 ms, found 1 plugins.
Preloading 0 native plugins for Editor in 0.00 ms.
Unloading 1826 Unused Serialized files (Serialized files now loaded: 0)
System memory in use before: 177.1 MB.
System memory in use after: 177.2 MB.

Unloading 8 unused Assets to reduce memory usage. Loaded Objects now: 2336.
Total: 31.249100 ms (FindLiveObjects: 6.347700 ms CreateObjectMapping: 0.273400 ms MarkObjects: 23.042000 ms  DeleteObjects: 1.570300 ms)

========================================================================
Received Prepare
Registering precompiled user dll's ...
Registered in 0.003664 seconds.
Begin MonoManager ReloadAssembly
Native extension for WindowsStandalone target not found
Native extension for WebGL target not found
Refreshing native plugins compatible for Editor in 1.02 ms, found 1 plugins.
Preloading 0 native plugins for Editor in 0.00 ms.
Mono: successfully reloaded assembly
- Completed reload, in  2.340 seconds
Platform modules already initialized, skipping
Refreshing native plugins compatible for Editor in 1.17 ms, found 1 plugins.
Preloading 0 native plugins for Editor in 0.00 ms.
Unloading 1826 Unused Serialized files (Serialized files now loaded: 0)
System memory in use before: 177.2 MB.
System memory in use after: 177.2 MB.

Unloading 8 unused Assets to reduce memory usage. Loaded Objects now: 2340.
Total: 7.435600 ms (FindLiveObjects: 1.084900 ms CreateObjectMapping: 0.193700 ms MarkObjects: 5.980300 ms  DeleteObjects: 0.172400 ms)

========================================================================
Received Prepare
Registering precompiled user dll's ...
Registered in 0.004045 seconds.
Begin MonoManager ReloadAssembly
Native extension for WindowsStandalone target not found
Native extension for WebGL target not found
Refreshing native plugins compatible for Editor in 0.94 ms, found 1 plugins.
Preloading 0 native plugins for Editor in 0.00 ms.
Mono: successfully reloaded assembly
- Completed reload, in  2.523 seconds
Platform modules already initialized, skipping
Refreshing native plugins compatible for Editor in 3.37 ms, found 1 plugins.
Preloading 0 native plugins for Editor in 0.00 ms.
Unloading 1826 Unused Serialized files (Serialized files now loaded: 0)
System memory in use before: 177.2 MB.
System memory in use after: 177.3 MB.

Unloading 8 unused Assets to reduce memory usage. Loaded Objects now: 2344.
Total: 32.162400 ms (FindLiveObjects: 4.880200 ms CreateObjectMapping: 0.309200 ms MarkObjects: 25.361100 ms  DeleteObjects: 1.599500 ms)

AssetImportWorkerClient::OnTransportError - code=2 error=End of file
